09-Nov-2021 18:58:41.211 INFO [localhost-startStop-1] org.apache.catalina.core.ApplicationContext.log No Spring WebApplicationInitializer types detected on classpath
09-Nov-2021 18:58:42.020 INFO [localhost-startStop-1] org.apache.catalina.core.ApplicationContext.log ContextListener: contextInitialized()
09-Nov-2021 18:58:42.025 INFO [localhost-startStop-1] org.apache.catalina.core.ApplicationContext.log SessionListener: contextInitialized()
09-Nov-2021 18:58:42.026 INFO [localhost-startStop-1] org.apache.catalina.core.ApplicationContext.log ContextListener: attributeAdded('StockTicker', 'async.Stockticker@5a1d17f1')
09-Nov-2021 19:06:59.459 SEVERE [Handling GET /jenkins/ from 157.48.84.233 : http-nio-8080-exec-2] org.apache.catalina.core.ApplicationContext.log Error while serving http://3.110.51.129:8080/jenkins/configureSecurity/configure
	java.lang.reflect.InvocationTargetException
		at org.kohsuke.stapler.Function$MethodFunction.invoke(Function.java:397)
		at org.kohsuke.stapler.Function$InstanceFunction.invoke(Function.java:405)
		at org.kohsuke.stapler.Function.bindAndInvoke(Function.java:208)
		at org.kohsuke.stapler.SelectionInterceptedFunction$Adapter.invoke(SelectionInterceptedFunction.java:36)
		at org.kohsuke.stapler.verb.HttpVerbInterceptor.invoke(HttpVerbInterceptor.java:48)
		at org.kohsuke.stapler.SelectionInterceptedFunction.bindAndInvoke(SelectionInterceptedFunction.java:26)
		at org.kohsuke.stapler.Function.bindAndInvokeAndServeResponse(Function.java:141)
		at org.kohsuke.stapler.MetaClass$11.doDispatch(MetaClass.java:536)
		at org.kohsuke.stapler.NameBasedDispatcher.dispatch(NameBasedDispatcher.java:58)
		at org.kohsuke.stapler.Stapler.tryInvoke(Stapler.java:766)
		at org.kohsuke.stapler.Stapler.invoke(Stapler.java:898)
		at org.kohsuke.stapler.MetaClass$9.dispatch(MetaClass.java:457)
		at org.kohsuke.stapler.Stapler.tryInvoke(Stapler.java:766)
		at org.kohsuke.stapler.Stapler.invoke(Stapler.java:898)
		at org.kohsuke.stapler.Stapler.invoke(Stapler.java:694)
		at org.kohsuke.stapler.Stapler.service(Stapler.java:240)
		at javax.servlet.http.HttpServlet.service(HttpServlet.java:764)
		at org.apache.catalina.core.ApplicationFilterChain.internalDoFilter(ApplicationFilterChain.java:231)
		at org.apache.catalina.core.ApplicationFilterChain.doFilter(ApplicationFilterChain.java:166)
		at org.apache.tomcat.websocket.server.WsFilter.doFilter(WsFilter.java:52)
		at org.apache.catalina.core.ApplicationFilterChain.internalDoFilter(ApplicationFilterChain.java:193)
		at org.apache.catalina.core.ApplicationFilterChain.doFilter(ApplicationFilterChain.java:166)
		at hudson.util.PluginServletFilter$1.doFilter(PluginServletFilter.java:156)
		at jenkins.security.ResourceDomainFilter.doFilter(ResourceDomainFilter.java:80)
		at hudson.util.PluginServletFilter$1.doFilter(PluginServletFilter.java:153)
		at jenkins.telemetry.impl.UserLanguages$AcceptLanguageFilter.doFilter(UserLanguages.java:128)
		at hudson.util.PluginServletFilter$1.doFilter(PluginServletFilter.java:153)
		at hudson.util.PluginServletFilter.doFilter(PluginServletFilter.java:159)
		at org.apache.catalina.core.ApplicationFilterChain.internalDoFilter(ApplicationFilterChain.java:193)
		at org.apache.catalina.core.ApplicationFilterChain.doFilter(ApplicationFilterChain.java:166)
		at hudson.security.csrf.CrumbFilter.doFilter(CrumbFilter.java:153)
		at org.apache.catalina.core.ApplicationFilterChain.internalDoFilter(ApplicationFilterChain.java:193)
		at org.apache.catalina.core.ApplicationFilterChain.doFilter(ApplicationFilterChain.java:166)
		at hudson.security.ChainedServletFilter$1.doFilter(ChainedServletFilter.java:92)
		at jenkins.security.AcegiSecurityExceptionFilter.doFilter(AcegiSecurityExceptionFilter.java:52)
		at hudson.security.ChainedServletFilter$1.doFilter(ChainedServletFilter.java:97)
		at hudson.security.UnwrapSecurityExceptionFilter.doFilter(UnwrapSecurityExceptionFilter.java:53)
		at hudson.security.ChainedServletFilter$1.doFilter(ChainedServletFilter.java:97)
		at org.springframework.security.web.access.ExceptionTranslationFilter.doFilter(ExceptionTranslationFilter.java:121)
		at org.springframework.security.web.access.ExceptionTranslationFilter.doFilter(ExceptionTranslationFilter.java:115)
		at hudson.security.ChainedServletFilter$1.doFilter(ChainedServletFilter.java:97)
		at org.springframework.security.web.authentication.AnonymousAuthenticationFilter.doFilter(AnonymousAuthenticationFilter.java:105)
		at hudson.security.ChainedServletFilter$1.doFilter(ChainedServletFilter.java:97)
		at org.springframework.security.web.authentication.rememberme.RememberMeAuthenticationFilter.doFilter(RememberMeAuthenticationFilter.java:101)
		at org.springframework.security.web.authentication.rememberme.RememberMeAuthenticationFilter.doFilter(RememberMeAuthenticationFilter.java:92)
		at hudson.security.ChainedServletFilter$1.doFilter(ChainedServletFilter.java:97)
		at org.springframework.security.web.authentication.AbstractAuthenticationProcessingFilter.doFilter(AbstractAuthenticationProcessingFilter.java:218)
		at org.springframework.security.web.authentication.AbstractAuthenticationProcessingFilter.doFilter(AbstractAuthenticationProcessingFilter.java:212)
		at hudson.security.ChainedServletFilter$1.doFilter(ChainedServletFilter.java:97)
		at jenkins.security.BasicHeaderProcessor.doFilter(BasicHeaderProcessor.java:97)
		at hudson.security.ChainedServletFilter$1.doFilter(ChainedServletFilter.java:97)
		at org.springframework.security.web.context.SecurityContextPersistenceFilter.doFilter(SecurityContextPersistenceFilter.java:110)
		at org.springframework.security.web.context.SecurityContextPersistenceFilter.doFilter(SecurityContextPersistenceFilter.java:80)
		at hudson.security.HttpSessionContextIntegrationFilter2.doFilter(HttpSessionContextIntegrationFilter2.java:62)
		at hudson.security.ChainedServletFilter$1.doFilter(ChainedServletFilter.java:97)
		at hudson.security.ChainedServletFilter.doFilter(ChainedServletFilter.java:109)
		at hudson.security.HudsonFilter.doFilter(HudsonFilter.java:171)
		at org.apache.catalina.core.ApplicationFilterChain.internalDoFilter(ApplicationFilterChain.java:193)
		at org.apache.catalina.core.ApplicationFilterChain.doFilter(ApplicationFilterChain.java:166)
		at org.kohsuke.stapler.compression.CompressionFilter.doFilter(CompressionFilter.java:51)
		at org.apache.catalina.core.ApplicationFilterChain.internalDoFilter(ApplicationFilterChain.java:193)
		at org.apache.catalina.core.ApplicationFilterChain.doFilter(ApplicationFilterChain.java:166)
		at hudson.util.CharacterEncodingFilter.doFilter(CharacterEncodingFilter.java:85)
		at org.apache.catalina.core.ApplicationFilterChain.internalDoFilter(ApplicationFilterChain.java:193)
		at org.apache.catalina.core.ApplicationFilterChain.doFilter(ApplicationFilterChain.java:166)
		at org.kohsuke.stapler.DiagnosticThreadNameFilter.doFilter(DiagnosticThreadNameFilter.java:30)
		at org.apache.catalina.core.ApplicationFilterChain.internalDoFilter(ApplicationFilterChain.java:193)
		at org.apache.catalina.core.ApplicationFilterChain.doFilter(ApplicationFilterChain.java:166)
		at jenkins.security.SuspiciousRequestFilter.doFilter(SuspiciousRequestFilter.java:35)
		at org.apache.catalina.core.ApplicationFilterChain.internalDoFilter(ApplicationFilterChain.java:193)
		at org.apache.catalina.core.ApplicationFilterChain.doFilter(ApplicationFilterChain.java:166)
		at org.apache.catalina.core.StandardWrapperValve.invoke(StandardWrapperValve.java:196)
		at org.apache.catalina.core.StandardContextValve.invoke(StandardContextValve.java:97)
		at org.apache.catalina.authenticator.AuthenticatorBase.invoke(AuthenticatorBase.java:661)
		at org.apache.catalina.core.StandardHostValve.invoke(StandardHostValve.java:135)
		at org.apache.catalina.valves.ErrorReportValve.invoke(ErrorReportValve.java:81)
		at org.apache.catalina.valves.AbstractAccessLogValve.invoke(AbstractAccessLogValve.java:698)
		at org.apache.catalina.core.StandardEngineValve.invoke(StandardEngineValve.java:78)
		at org.apache.catalina.connector.CoyoteAdapter.service(CoyoteAdapter.java:364)
		at org.apache.coyote.http11.Http11Processor.service(Http11Processor.java:624)
		at org.apache.coyote.AbstractProcessorLight.process(AbstractProcessorLight.java:65)
		at org.apache.coyote.AbstractProtocol$ConnectionHandler.process(AbstractProtocol.java:831)
		at org.apache.tomcat.util.net.NioEndpoint$SocketProcessor.doRun(NioEndpoint.java:1650)
		at org.apache.tomcat.util.net.SocketProcessorBase.run(SocketProcessorBase.java:49)
		at org.apache.tomcat.util.threads.ThreadPoolExecutor.runWorker(ThreadPoolExecutor.java:1191)
		at org.apache.tomcat.util.threads.ThreadPoolExecutor$Worker.run(ThreadPoolExecutor.java:659)
		at org.apache.tomcat.util.threads.TaskThread$WrappingRunnable.run(TaskThread.java:61)
		at java.lang.Thread.run(Thread.java:748)
	Caused by: hudson.security.AccessDeniedException3: admin is missing the Overall/Administer permission
		at hudson.security.ACL.checkPermission(ACL.java:79)
		at hudson.security.AccessControlled.checkPermission(AccessControlled.java:51)
		at jenkins.security.s2m.AdminWhitelistRule.setMasterKillSwitch(AdminWhitelistRule.java:214)
		at jenkins.security.s2m.MasterKillSwitchConfiguration.configure(MasterKillSwitchConfiguration.java:40)
		at hudson.security.GlobalSecurityConfiguration.configureDescriptor(GlobalSecurityConfiguration.java:163)
		at hudson.security.GlobalSecurityConfiguration.configure(GlobalSecurityConfiguration.java:152)
		at hudson.security.GlobalSecurityConfiguration.doConfigure(GlobalSecurityConfiguration.java:104)
		at java.lang.invoke.MethodHandle.invokeWithArguments(MethodHandle.java:627)
		at org.kohsuke.stapler.Function$MethodFunction.invoke(Function.java:393)
		... 87 more
